#! /usr/share/iverilog-0.9.7/bin/vvp
:ivl_version "0.9.7 " "(v0_9_6)";
:vpi_time_precision + 0;
:vpi_module "system";
:vpi_module "v2005_math";
:vpi_module "va_math";
S_0x1b2a830 .scope module, "D_latch_gate_tb" "D_latch_gate_tb" 2 1;
 .timescale 0 0;
v0x1b3cdb0_0 .var "C", 0 0;
v0x1b3ce50_0 .var "D", 0 0;
v0x1b3cf00_0 .net "Q", 0 0, L_0x1b3d2d0; 1 drivers
v0x1b3cfb0_0 .net "Qbar", 0 0, L_0x1b3d420; 1 drivers
S_0x1b2a920 .scope module, "uut" "D_latch_gate" 2 8, 3 5, S_0x1b2a830;
 .timescale 0 0;
L_0x1b3d090 .functor NOT 1, v0x1b3ce50_0, C4<0>, C4<0>, C4<0>;
L_0x1b3d170 .functor NAND 1, v0x1b3ce50_0, v0x1b3cdb0_0, C4<1>, C4<1>;
L_0x1b3d220 .functor NAND 1, L_0x1b3d090, v0x1b3cdb0_0, C4<1>, C4<1>;
L_0x1b3d2d0 .functor NAND 1, L_0x1b3d170, L_0x1b3d420, C4<1>, C4<1>;
L_0x1b3d420 .functor NAND 1, L_0x1b3d220, L_0x1b3d2d0, C4<1>, C4<1>;
v0x1b08ae0_0 .net "C", 0 0, v0x1b3cdb0_0; 1 drivers
v0x1b3c9a0_0 .net "D", 0 0, v0x1b3ce50_0; 1 drivers
v0x1b3ca40_0 .net "Dbar", 0 0, L_0x1b3d090; 1 drivers
v0x1b3cae0_0 .alias "Q", 0 0, v0x1b3cf00_0;
v0x1b3cb90_0 .alias "Qbar", 0 0, v0x1b3cfb0_0;
v0x1b3cc30_0 .net "x", 0 0, L_0x1b3d170; 1 drivers
v0x1b3cd10_0 .net "y", 0 0, L_0x1b3d220; 1 drivers
    .scope S_0x1b2a830;
T_0 ;
    %set/v v0x1b3cdb0_0, 1, 1;
    %set/v v0x1b3ce50_0, 1, 1;
    %vpi_call 2 20 "$monitor", "T=%0t-->    C=%0d\011 D=%0d\011 Q=%0d, Qbar=%0d", $time, v0x1b3cdb0_0, v0x1b3ce50_0, v0x1b3cf00_0, v0x1b3cfb0_0;
    %delay 100, 0;
    %set/v v0x1b3cdb0_0, 0, 1;
    %delay 100, 0;
    %set/v v0x1b3ce50_0, 1, 1;
    %delay 100, 0;
    %set/v v0x1b3cdb0_0, 1, 1;
    %delay 100, 0;
    %set/v v0x1b3ce50_0, 0, 1;
    %delay 100, 0;
    %set/v v0x1b3cdb0_0, 0, 1;
    %delay 100, 0;
    %set/v v0x1b3ce50_0, 0, 1;
    %delay 100, 0;
    %set/v v0x1b3cdb0_0, 1, 1;
    %delay 100, 0;
    %set/v v0x1b3ce50_0, 1, 1;
    %delay 100, 0;
    %end;
    .thread T_0;
    .scope S_0x1b2a830;
T_1 ;
    %vpi_call 2 39 "$dumpfile", "dump.vcd";
    %vpi_call 2 39 "$dumpvars";
    %end;
    .thread T_1;
# The file index is used to find the file name in the following table.
:file_names 4;
    "N/A";
    "<interactive>";
    "testbench.sv";
    "design.sv";
