#! /usr/share/iverilog-0.9.7/bin/vvp
:ivl_version "0.9.7 " "(v0_9_6)";
:vpi_time_precision + 0;
:vpi_module "system";
:vpi_module "v2005_math";
:vpi_module "va_math";
S_0x16a8ea0 .scope module, "rs_nor" "rs_nor" 2 4;
 .timescale 0 0;
L_0x16c1f00 .functor NOR 1, C4<z>, L_0x16c1ff0, C4<0>, C4<0>;
L_0x16c1ff0 .functor NOR 1, C4<z>, L_0x16c1f00, C4<0>, C4<0>;
v0x16aa3b0_0 .net "Q", 0 0, L_0x16c1f00; 1 drivers
v0x16c0ff0_0 .net "Qbar", 0 0, L_0x16c1ff0; 1 drivers
v0x16c1090_0 .net "R", 0 0, C4<z>; 0 drivers
v0x16c1130_0 .net "S", 0 0, C4<z>; 0 drivers
S_0x16a8f90 .scope module, "rs_nor_cl_gate" "rs_nor_cl_gate" 2 36;
 .timescale 0 0;
L_0x16c20f0 .functor AND 1, C4<z>, C4<z>, C4<1>, C4<1>;
L_0x16c21b0 .functor AND 1, C4<z>, C4<z>, C4<1>, C4<1>;
L_0x16c22c0 .functor NOR 1, L_0x16c20f0, L_0x16c2370, C4<0>, C4<0>;
L_0x16c2370 .functor NOR 1, L_0x16c21b0, L_0x16c22c0, C4<0>, C4<0>;
v0x16c11e0_0 .net "C", 0 0, C4<z>; 0 drivers
v0x16c12a0_0 .net "Q", 0 0, L_0x16c22c0; 1 drivers
v0x16c1340_0 .net "Qbar", 0 0, L_0x16c2370; 1 drivers
v0x16c13e0_0 .net "R", 0 0, C4<z>; 0 drivers
v0x16c1490_0 .net "S", 0 0, C4<z>; 0 drivers
v0x16c1530_0 .net "x", 0 0, L_0x16c20f0; 1 drivers
v0x16c1610_0 .net "y", 0 0, L_0x16c21b0; 1 drivers
S_0x16aa2c0 .scope module, "rs_nor_cl_tb" "rs_nor_cl_tb" 3 1;
 .timescale 0 0;
v0x16c1b40_0 .var "C", 0 0;
v0x16c1c10_0 .net "Q", 0 0, v0x16c18b0_0; 1 drivers
v0x16c1cc0_0 .net "Qbar", 0 0, v0x16c1950_0; 1 drivers
v0x16c1d70_0 .var "R", 0 0;
v0x16c1e50_0 .var "S", 0 0;
S_0x16c16b0 .scope module, "uut" "rs_nor_cl" 3 9, 2 19, S_0x16aa2c0;
 .timescale 0 0;
v0x16c17f0_0 .net "C", 0 0, v0x16c1b40_0; 1 drivers
v0x16c18b0_0 .var "Q", 0 0;
v0x16c1950_0 .var "Qbar", 0 0;
v0x16c19f0_0 .net "R", 0 0, v0x16c1d70_0; 1 drivers
v0x16c1aa0_0 .net "S", 0 0, v0x16c1e50_0; 1 drivers
E_0x16c1460 .event edge, v0x16c17f0_0, v0x16c19f0_0, v0x16c18b0_0, v0x16c1aa0_0;
    .scope S_0x16c16b0;
T_0 ;
    %wait E_0x16c1460;
    %load/v 8, v0x16c17f0_0, 1;
    %jmp/0xz  T_0.0, 8;
    %load/v 8, v0x16c19f0_0, 1;
    %inv 8, 1;
    %load/v 9, v0x16c18b0_0, 1;
    %and 8, 9, 1;
    %load/v 9, v0x16c1aa0_0, 1;
    %or 8, 9, 1;
    %ix/load 0, 1, 0;
    %assign/v0 v0x16c18b0_0, 0, 8;
    %load/v 8, v0x16c1aa0_0, 1;
    %inv 8, 1;
    %load/v 9, v0x16c18b0_0, 1;
    %and 8, 9, 1;
    %load/v 9, v0x16c19f0_0, 1;
    %or 8, 9, 1;
    %ix/load 0, 1, 0;
    %assign/v0 v0x16c1950_0, 0, 8;
T_0.0 ;
    %jmp T_0;
    .thread T_0, $push;
    .scope S_0x16aa2c0;
T_1 ;
    %set/v v0x16c1e50_0, 1, 1;
    %set/v v0x16c1d70_0, 1, 1;
    %vpi_call 3 22 "$monitor", "T=%0t-->    C=%0d\011 S=%0d R=%0d\011 Q=%0d, Qbar=%0d", $time, v0x16c1b40_0, v0x16c1e50_0, v0x16c1d70_0, v0x16c1c10_0, v0x16c1cc0_0;
    %delay 100, 0;
    %set/v v0x16c1e50_0, 0, 1;
    %delay 100, 0;
    %set/v v0x16c1b40_0, 1, 1;
    %delay 100, 0;
    %set/v v0x16c1e50_0, 1, 1;
    %delay 100, 0;
    %set/v v0x16c1d70_0, 0, 1;
    %delay 100, 0;
    %set/v v0x16c1d70_0, 1, 1;
    %delay 100, 0;
    %set/v v0x16c1b40_0, 1, 1;
    %delay 100, 0;
    %set/v v0x16c1e50_0, 0, 1;
    %delay 100, 0;
    %set/v v0x16c1d70_0, 0, 1;
    %delay 100, 0;
    %set/v v0x16c1b40_0, 0, 1;
    %delay 100, 0;
    %set/v v0x16c1e50_0, 1, 1;
    %set/v v0x16c1d70_0, 1, 1;
    %delay 100, 0;
    %set/v v0x16c1e50_0, 1, 1;
    %set/v v0x16c1d70_0, 0, 1;
    %delay 100, 0;
    %set/v v0x16c1b40_0, 0, 1;
    %delay 100, 0;
    %set/v v0x16c1e50_0, 0, 1;
    %set/v v0x16c1d70_0, 0, 1;
    %delay 100, 0;
    %end;
    .thread T_1;
    .scope S_0x16aa2c0;
T_2 ;
    %vpi_call 3 48 "$dumpfile", "dump.vcd";
    %vpi_call 3 48 "$dumpvars";
    %end;
    .thread T_2;
# The file index is used to find the file name in the following table.
:file_names 4;
    "N/A";
    "<interactive>";
    "design.sv";
    "testbench.sv";
