#! /usr/share/iverilog-0.9.7/bin/vvp
:ivl_version "0.9.7 " "(v0_9_6)";
:vpi_time_precision - 9;
:vpi_module "system";
:vpi_module "v2005_math";
:vpi_module "va_math";
S_0xcc8700 .scope module, "lamp_TB" "lamp_TB" 2 3;
 .timescale -9 -9;
v0xd02000_0 .var "B", 0 0;
v0xd02270_0 .net "L", 0 0, L_0xd02e70; 1 drivers
v0xd02320_0 .var "clk", 0 0;
v0xd023a0_0 .var "reset", 0 0;
v0xd02450_0 .net "s0", 0 0, v0xd014a0_0; 1 drivers
v0xd02520_0 .net "s1", 0 0, v0xd01110_0; 1 drivers
S_0xce9f90 .scope module, "dut" "lamp" 2 13, 3 4, S_0xcc8700;
 .timescale -9 -9;
L_0xd01cc0 .functor BUFZ 1, v0xd02000_0, C4<0>, C4<0>, C4<0>;
L_0xd02690 .functor NOT 1, v0xd01110_0, C4<0>, C4<0>, C4<0>;
L_0xd026f0 .functor AND 1, L_0xd02690, v0xd014a0_0, C4<1>, C4<1>;
L_0xd027a0 .functor NOT 1, v0xd02000_0, C4<0>, C4<0>, C4<0>;
L_0xd02800 .functor AND 1, L_0xd026f0, L_0xd027a0, C4<1>, C4<1>;
L_0xd02900 .functor AND 1, v0xd01110_0, v0xd02000_0, C4<1>, C4<1>;
L_0xd02ac0 .functor OR 1, L_0xd02800, L_0xd02900, C4<0>, C4<0>;
L_0xd02b20 .functor NOT 1, v0xd014a0_0, C4<0>, C4<0>, C4<0>;
L_0xd02c10 .functor AND 1, v0xd01110_0, L_0xd02b20, C4<1>, C4<1>;
L_0xd02cc0 .functor OR 1, L_0xd02ac0, L_0xd02c10, C4<0>, C4<0>;
L_0xd02e70 .functor XOR 1, v0xd014a0_0, v0xd01110_0, C4<0>, C4<0>;
v0xd01620_0 .net "B", 0 0, v0xd02000_0; 1 drivers
v0xd016a0_0 .alias "L", 0 0, v0xd02270_0;
v0xd01740_0 .net *"_s10", 0 0, L_0xd02900; 1 drivers
v0xd017e0_0 .net *"_s12", 0 0, L_0xd02ac0; 1 drivers
v0xd01890_0 .net *"_s14", 0 0, L_0xd02b20; 1 drivers
v0xd01930_0 .net *"_s16", 0 0, L_0xd02c10; 1 drivers
v0xd01a10_0 .net *"_s2", 0 0, L_0xd02690; 1 drivers
v0xd01ab0_0 .net *"_s4", 0 0, L_0xd026f0; 1 drivers
v0xd01ba0_0 .net *"_s6", 0 0, L_0xd027a0; 1 drivers
v0xd01c40_0 .net *"_s8", 0 0, L_0xd02800; 1 drivers
v0xd01d40_0 .net "clk", 0 0, v0xd02320_0; 1 drivers
v0xd01dc0_0 .net "reset", 0 0, v0xd023a0_0; 1 drivers
v0xd01f00_0 .alias "s0", 0 0, v0xd02450_0;
v0xd01f80_0 .alias "s1", 0 0, v0xd02520_0;
v0xd02080_0 .net "state0", 0 0, L_0xd01cc0; 1 drivers
v0xd02100_0 .net "state1", 0 0, L_0xd02cc0; 1 drivers
S_0xd01260 .scope module, "s00" "dff" 3 18, 4 3, S_0xce9f90;
 .timescale -9 -9;
v0xd01350_0 .alias "clk", 0 0, v0xd01d40_0;
v0xd01420_0 .alias "d", 0 0, v0xd02080_0;
v0xd014a0_0 .var "q", 0 0;
v0xd01540_0 .alias "rst", 0 0, v0xd01dc0_0;
S_0xcea080 .scope module, "s01" "dff" 3 23, 4 3, S_0xce9f90;
 .timescale -9 -9;
v0xcebcf0_0 .alias "clk", 0 0, v0xd01d40_0;
v0xd01070_0 .alias "d", 0 0, v0xd02100_0;
v0xd01110_0 .var "q", 0 0;
v0xd011b0_0 .alias "rst", 0 0, v0xd01dc0_0;
E_0xcda7f0 .event posedge, v0xcebcf0_0;
    .scope S_0xd01260;
T_0 ;
    %wait E_0xcda7f0;
    %load/v 8, v0xd01540_0, 1;
    %jmp/0xz  T_0.0, 8;
    %ix/load 0, 1, 0;
    %assign/v0 v0xd014a0_0, 0, 0;
    %jmp T_0.1;
T_0.0 ;
    %load/v 8, v0xd01420_0, 1;
    %ix/load 0, 1, 0;
    %assign/v0 v0xd014a0_0, 0, 8;
T_0.1 ;
    %jmp T_0;
    .thread T_0;
    .scope S_0xcea080;
T_1 ;
    %wait E_0xcda7f0;
    %load/v 8, v0xd011b0_0, 1;
    %jmp/0xz  T_1.0, 8;
    %ix/load 0, 1, 0;
    %assign/v0 v0xd01110_0, 0, 0;
    %jmp T_1.1;
T_1.0 ;
    %load/v 8, v0xd01070_0, 1;
    %ix/load 0, 1, 0;
    %assign/v0 v0xd01110_0, 0, 8;
T_1.1 ;
    %jmp T_1;
    .thread T_1;
    .scope S_0xcc8700;
T_2 ;
    %set/v v0xd02320_0, 0, 1;
T_2.0 ;
    %delay 3, 0;
    %load/v 8, v0xd02320_0, 1;
    %inv 8, 1;
    %set/v v0xd02320_0, 8, 1;
    %jmp T_2.0;
    %end;
    .thread T_2;
    .scope S_0xcc8700;
T_3 ;
    %delay 11, 0;
    %load/v 8, v0xd02000_0, 1;
    %inv 8, 1;
    %set/v v0xd02000_0, 8, 1;
    %jmp T_3;
    .thread T_3;
    .scope S_0xcc8700;
T_4 ;
    %set/v v0xd023a0_0, 1, 1;
    %set/v v0xd02000_0, 0, 1;
    %delay 7, 0;
    %set/v v0xd023a0_0, 0, 1;
    %delay 100, 0;
    %vpi_call 2 37 "$finish";
    %end;
    .thread T_4;
    .scope S_0xcc8700;
T_5 ;
    %vpi_call 2 41 "$dumpfile", "dump.vcd";
    %vpi_call 2 42 "$dumpvars", 2'sb01;
    %end;
    .thread T_5;
# The file index is used to find the file name in the following table.
:file_names 5;
    "N/A";
    "<interactive>";
    "testbench.sv";
    "design.sv";
    "./d_ff.sv";
