#! /usr/share/iverilog-0.9.7/bin/vvp
:ivl_version "0.9.7 " "(v0_9_6)";
:vpi_time_precision - 9;
:vpi_module "system";
:vpi_module "v2005_math";
:vpi_module "va_math";
S_0x11efd30 .scope module, "lamp_behav_test" "lamp_behav_test" 2 2;
 .timescale -9 -9;
v0x1203dc0_0 .net "L", 0 0, v0x11dd770_0; 1 drivers
v0x1203e60_0 .var "button", 0 0;
v0x1203f10_0 .var "clk", 0 0;
v0x1203fc0_0 .var/i "i", 31 0;
v0x1204070_0 .var "rst", 0 0;
S_0x11efe20 .scope module, "uut" "lamp_behav" 2 11, 3 6, S_0x11efd30;
 .timescale -9 -9;
P_0x11dd6c8 .param/l "S0" 3 10, C4<00>;
P_0x11dd6f0 .param/l "S1" 3 11, C4<01>;
P_0x11dd718 .param/l "S2" 3 12, C4<10>;
P_0x11dd740 .param/l "S3" 3 13, C4<11>;
v0x11dd770_0 .var "L", 0 0;
v0x1203a50_0 .net "button", 0 0, v0x1203e60_0; 1 drivers
v0x1203af0_0 .net "clk", 0 0, v0x1203f10_0; 1 drivers
v0x1203b90_0 .var "nextstate", 1 0;
v0x1203c40_0 .net "rst", 0 0, v0x1204070_0; 1 drivers
v0x1203ce0_0 .var "state", 1 0;
E_0x11dc430 .event edge, v0x1203ce0_0;
E_0x11dcd00 .event edge, v0x1203a50_0, v0x1203ce0_0;
E_0x11dcb50 .event posedge, v0x1203c40_0, v0x1203af0_0;
    .scope S_0x11efe20;
T_0 ;
    %wait E_0x11dcb50;
    %load/v 8, v0x1203c40_0, 1;
    %jmp/0xz  T_0.0, 8;
    %set/v v0x1203ce0_0, 0, 2;
    %jmp T_0.1;
T_0.0 ;
    %load/v 8, v0x1203b90_0, 2;
    %set/v v0x1203ce0_0, 8, 2;
T_0.1 ;
    %jmp T_0;
    .thread T_0;
    .scope S_0x11efe20;
T_1 ;
    %wait E_0x11dcd00;
    %load/v 8, v0x1203ce0_0, 2;
    %cmpi/u 8, 0, 2;
    %jmp/1 T_1.0, 6;
    %cmpi/u 8, 1, 2;
    %jmp/1 T_1.1, 6;
    %cmpi/u 8, 2, 2;
    %jmp/1 T_1.2, 6;
    %cmpi/u 8, 3, 2;
    %jmp/1 T_1.3, 6;
    %set/v v0x1203b90_0, 0, 2;
    %jmp T_1.5;
T_1.0 ;
    %load/v 8, v0x1203a50_0, 1;
    %jmp/0xz  T_1.6, 8;
    %movi 8, 1, 2;
    %set/v v0x1203b90_0, 8, 2;
    %jmp T_1.7;
T_1.6 ;
    %set/v v0x1203b90_0, 0, 2;
T_1.7 ;
    %jmp T_1.5;
T_1.1 ;
    %load/v 8, v0x1203a50_0, 1;
    %inv 8, 1;
    %jmp/0xz  T_1.8, 8;
    %movi 8, 2, 2;
    %set/v v0x1203b90_0, 8, 2;
    %jmp T_1.9;
T_1.8 ;
    %movi 8, 1, 2;
    %set/v v0x1203b90_0, 8, 2;
T_1.9 ;
    %jmp T_1.5;
T_1.2 ;
    %load/v 8, v0x1203a50_0, 1;
    %inv 8, 1;
    %jmp/0xz  T_1.10, 8;
    %movi 8, 2, 2;
    %set/v v0x1203b90_0, 8, 2;
    %jmp T_1.11;
T_1.10 ;
    %load/v 8, v0x1203a50_0, 1;
    %jmp/0xz  T_1.12, 8;
    %set/v v0x1203b90_0, 1, 2;
T_1.12 ;
T_1.11 ;
    %jmp T_1.5;
T_1.3 ;
    %load/v 8, v0x1203a50_0, 1;
    %jmp/0xz  T_1.14, 8;
    %set/v v0x1203b90_0, 1, 2;
    %jmp T_1.15;
T_1.14 ;
    %set/v v0x1203b90_0, 0, 2;
T_1.15 ;
    %jmp T_1.5;
T_1.5 ;
    %jmp T_1;
    .thread T_1, $push;
    .scope S_0x11efe20;
T_2 ;
    %wait E_0x11dc430;
    %load/v 8, v0x1203ce0_0, 2;
    %cmpi/u 8, 0, 2;
    %jmp/1 T_2.0, 6;
    %cmpi/u 8, 1, 2;
    %jmp/1 T_2.1, 6;
    %cmpi/u 8, 2, 2;
    %jmp/1 T_2.2, 6;
    %cmpi/u 8, 3, 2;
    %jmp/1 T_2.3, 6;
    %jmp T_2.4;
T_2.0 ;
    %set/v v0x11dd770_0, 0, 1;
    %jmp T_2.4;
T_2.1 ;
    %set/v v0x11dd770_0, 1, 1;
    %jmp T_2.4;
T_2.2 ;
    %set/v v0x11dd770_0, 1, 1;
    %jmp T_2.4;
T_2.3 ;
    %set/v v0x11dd770_0, 0, 1;
    %jmp T_2.4;
T_2.4 ;
    %jmp T_2;
    .thread T_2, $push;
    .scope S_0x11efd30;
T_3 ;
    %set/v v0x1203fc0_0, 0, 32;
    %end;
    .thread T_3;
    .scope S_0x11efd30;
T_4 ;
    %set/v v0x1203f10_0, 0, 1;
T_4.0 ;
    %delay 3, 0;
    %load/v 8, v0x1203f10_0, 1;
    %inv 8, 1;
    %set/v v0x1203f10_0, 8, 1;
    %jmp T_4.0;
    %end;
    .thread T_4;
    .scope S_0x11efd30;
T_5 ;
    %vpi_call 2 23 "$monitor", "T=%0t  Button=%0b , rst=%0b == L=0%b, ", $time, v0x1203e60_0, v0x1204070_0, v0x1203dc0_0;
    %set/v v0x1203e60_0, 0, 1;
    %delay 5, 0;
    %set/v v0x1204070_0, 1, 1;
    %delay 5, 0;
    %set/v v0x1204070_0, 0, 1;
    %movi 8, 5, 4;
T_5.0 %cmp/s 0, 8, 4;
    %jmp/0xz T_5.1, 5;
    %add 8, 1, 4;
    %delay 9, 0;
    %load/v 12, v0x1203e60_0, 1;
    %inv 12, 1;
    %set/v v0x1203e60_0, 12, 1;
    %jmp T_5.0;
T_5.1 ;
    %delay 50, 0;
    %vpi_call 2 32 "$finish";
    %end;
    .thread T_5;
    .scope S_0x11efd30;
T_6 ;
    %vpi_call 2 37 "$dumpfile", "dump.vcd";
    %vpi_call 2 37 "$dumpvars", 2'sb01;
    %end;
    .thread T_6;
# The file index is used to find the file name in the following table.
:file_names 4;
    "N/A";
    "<interactive>";
    "testbench.sv";
    "design.sv";
