#! /usr/share/iverilog-0.9.7/bin/vvp
:ivl_version "0.9.7 " "(v0_9_6)";
:vpi_time_precision + 0;
:vpi_module "system";
:vpi_module "v2005_math";
:vpi_module "va_math";
S_0xe6a700 .scope module, "traffic_light_behav_test" "traffic_light_behav_test" 2 2;
 .timescale 0 0;
v0xe82370_0 .var "clk", 0 0;
v0xe82410_0 .net "g1", 0 0, v0xe81d70_0; 1 drivers
v0xe824c0_0 .net "g2", 0 0, v0xe81e20_0; 1 drivers
v0xe82570_0 .var/i "i", 31 0;
v0xe82620_0 .var "m", 0 0;
v0xe826d0_0 .net "r1", 0 0, v0xe81fa0_0; 1 drivers
v0xe82750_0 .net "r2", 0 0, v0xe82040_0; 1 drivers
v0xe82800_0 .var "rst", 0 0;
v0xe828b0_0 .net "y1", 0 0, v0xe821d0_0; 1 drivers
v0xe82960_0 .net "y2", 0 0, v0xe822d0_0; 1 drivers
S_0xe6a7f0 .scope module, "uut" "traffic_light_behav" 2 15, 3 2, S_0xe6a700;
 .timescale 0 0;
P_0xe569a8 .param/l "state_0" 3 5, C4<000>;
P_0xe569d0 .param/l "state_1" 3 6, C4<001>;
P_0xe569f8 .param/l "state_2" 3 7, C4<010>;
P_0xe56a20 .param/l "state_3" 3 8, C4<011>;
P_0xe56a48 .param/l "state_4" 3 9, C4<100>;
P_0xe56a70 .param/l "state_5" 3 10, C4<101>;
v0xe56ad0_0 .var "CurrentState", 2 0;
v0xe81c30_0 .var "NextState", 2 0;
v0xe81cd0_0 .net "clk", 0 0, v0xe82370_0; 1 drivers
v0xe81d70_0 .var "g1", 0 0;
v0xe81e20_0 .var "g2", 0 0;
v0xe81ec0_0 .net "m", 0 0, v0xe82620_0; 1 drivers
v0xe81fa0_0 .var "r1", 0 0;
v0xe82040_0 .var "r2", 0 0;
v0xe82130_0 .net "rst", 0 0, v0xe82800_0; 1 drivers
v0xe821d0_0 .var "y1", 0 0;
v0xe822d0_0 .var "y2", 0 0;
E_0xe55080 .event edge, v0xe81ec0_0, v0xe56ad0_0;
E_0xe55fe0 .event posedge, v0xe81cd0_0;
E_0xe56aa0 .event posedge, v0xe82130_0, v0xe81cd0_0;
    .scope S_0xe6a7f0;
T_0 ;
    %wait E_0xe56aa0;
    %load/v 8, v0xe82130_0, 1;
    %jmp/0xz  T_0.0, 8;
    %set/v v0xe56ad0_0, 0, 3;
    %jmp T_0.1;
T_0.0 ;
    %load/v 8, v0xe81c30_0, 3;
    %set/v v0xe56ad0_0, 8, 3;
T_0.1 ;
    %jmp T_0;
    .thread T_0;
    .scope S_0xe6a7f0;
T_1 ;
    %wait E_0xe55fe0;
    %load/v 8, v0xe56ad0_0, 3;
    %mov 11, 0, 1;
    %cmpi/u 8, 0, 4;
    %jmp/0xz  T_1.0, 4;
    %set/v v0xe81fa0_0, 1, 1;
    %set/v v0xe82040_0, 0, 1;
    %set/v v0xe821d0_0, 0, 1;
    %set/v v0xe822d0_0, 0, 1;
    %set/v v0xe81d70_0, 0, 1;
    %set/v v0xe81e20_0, 1, 1;
    %jmp T_1.1;
T_1.0 ;
    %load/v 8, v0xe56ad0_0, 3;
    %mov 11, 0, 1;
    %cmpi/u 8, 1, 4;
    %jmp/0xz  T_1.2, 4;
    %set/v v0xe81fa0_0, 1, 1;
    %set/v v0xe82040_0, 0, 1;
    %set/v v0xe821d0_0, 0, 1;
    %set/v v0xe822d0_0, 1, 1;
    %set/v v0xe81d70_0, 0, 1;
    %set/v v0xe81e20_0, 0, 1;
    %jmp T_1.3;
T_1.2 ;
    %load/v 8, v0xe56ad0_0, 3;
    %mov 11, 0, 1;
    %cmpi/u 8, 2, 4;
    %jmp/0xz  T_1.4, 4;
    %set/v v0xe81fa0_0, 1, 1;
    %set/v v0xe82040_0, 1, 1;
    %set/v v0xe821d0_0, 0, 1;
    %set/v v0xe822d0_0, 0, 1;
    %set/v v0xe81d70_0, 0, 1;
    %set/v v0xe81e20_0, 0, 1;
    %jmp T_1.5;
T_1.4 ;
    %load/v 8, v0xe56ad0_0, 3;
    %mov 11, 0, 1;
    %cmpi/u 8, 3, 4;
    %jmp/0xz  T_1.6, 4;
    %set/v v0xe81fa0_0, 0, 1;
    %set/v v0xe82040_0, 1, 1;
    %set/v v0xe821d0_0, 0, 1;
    %set/v v0xe822d0_0, 0, 1;
    %set/v v0xe81d70_0, 1, 1;
    %set/v v0xe81e20_0, 0, 1;
    %jmp T_1.7;
T_1.6 ;
    %load/v 8, v0xe56ad0_0, 3;
    %mov 11, 0, 1;
    %cmpi/u 8, 4, 4;
    %jmp/0xz  T_1.8, 4;
    %set/v v0xe81fa0_0, 0, 1;
    %set/v v0xe82040_0, 1, 1;
    %set/v v0xe821d0_0, 1, 1;
    %set/v v0xe822d0_0, 0, 1;
    %set/v v0xe81d70_0, 0, 1;
    %set/v v0xe81e20_0, 0, 1;
    %jmp T_1.9;
T_1.8 ;
    %load/v 8, v0xe56ad0_0, 3;
    %mov 11, 0, 1;
    %cmpi/u 8, 5, 4;
    %jmp/0xz  T_1.10, 4;
    %set/v v0xe81fa0_0, 1, 1;
    %set/v v0xe82040_0, 1, 1;
    %set/v v0xe821d0_0, 0, 1;
    %set/v v0xe822d0_0, 0, 1;
    %set/v v0xe81d70_0, 0, 1;
    %set/v v0xe81e20_0, 0, 1;
T_1.10 ;
T_1.9 ;
T_1.7 ;
T_1.5 ;
T_1.3 ;
T_1.1 ;
    %jmp T_1;
    .thread T_1;
    .scope S_0xe6a7f0;
T_2 ;
    %wait E_0xe55080;
    %load/v 8, v0xe56ad0_0, 3;
    %set/v v0xe81c30_0, 8, 3;
    %load/v 8, v0xe56ad0_0, 3;
    %cmpi/u 8, 0, 3;
    %jmp/1 T_2.0, 6;
    %cmpi/u 8, 1, 3;
    %jmp/1 T_2.1, 6;
    %cmpi/u 8, 2, 3;
    %jmp/1 T_2.2, 6;
    %cmpi/u 8, 3, 3;
    %jmp/1 T_2.3, 6;
    %cmpi/u 8, 4, 3;
    %jmp/1 T_2.4, 6;
    %cmpi/u 8, 5, 3;
    %jmp/1 T_2.5, 6;
    %jmp T_2.6;
T_2.0 ;
    %load/v 8, v0xe81ec0_0, 1;
    %jmp/0xz  T_2.7, 8;
    %movi 8, 1, 3;
    %set/v v0xe81c30_0, 8, 3;
T_2.7 ;
    %jmp T_2.6;
T_2.1 ;
    %load/v 8, v0xe81ec0_0, 1;
    %jmp/0xz  T_2.9, 8;
    %movi 8, 3, 3;
    %set/v v0xe81c30_0, 8, 3;
    %jmp T_2.10;
T_2.9 ;
    %load/v 8, v0xe81ec0_0, 1;
    %inv 8, 1;
    %jmp/0xz  T_2.11, 8;
    %movi 8, 2, 3;
    %set/v v0xe81c30_0, 8, 3;
T_2.11 ;
T_2.10 ;
    %jmp T_2.6;
T_2.2 ;
    %load/v 8, v0xe81ec0_0, 1;
    %jmp/0xz  T_2.13, 8;
    %movi 8, 3, 3;
    %set/v v0xe81c30_0, 8, 3;
T_2.13 ;
    %jmp T_2.6;
T_2.3 ;
    %load/v 8, v0xe81ec0_0, 1;
    %jmp/0xz  T_2.15, 8;
    %movi 8, 4, 3;
    %set/v v0xe81c30_0, 8, 3;
T_2.15 ;
    %jmp T_2.6;
T_2.4 ;
    %load/v 8, v0xe81ec0_0, 1;
    %jmp/0xz  T_2.17, 8;
    %set/v v0xe81c30_0, 0, 3;
    %jmp T_2.18;
T_2.17 ;
    %load/v 8, v0xe81ec0_0, 1;
    %inv 8, 1;
    %jmp/0xz  T_2.19, 8;
    %movi 8, 5, 3;
    %set/v v0xe81c30_0, 8, 3;
T_2.19 ;
T_2.18 ;
    %jmp T_2.6;
T_2.5 ;
    %load/v 8, v0xe81ec0_0, 1;
    %jmp/0xz  T_2.21, 8;
    %set/v v0xe81c30_0, 0, 3;
T_2.21 ;
    %jmp T_2.6;
T_2.6 ;
    %jmp T_2;
    .thread T_2, $push;
    .scope S_0xe6a700;
T_3 ;
    %set/v v0xe82570_0, 0, 32;
    %end;
    .thread T_3;
    .scope S_0xe6a700;
T_4 ;
    %set/v v0xe82370_0, 0, 1;
T_4.0 ;
    %delay 10, 0;
    %load/v 8, v0xe82370_0, 1;
    %inv 8, 1;
    %set/v v0xe82370_0, 8, 1;
    %jmp T_4.0;
    %end;
    .thread T_4;
    .scope S_0xe6a700;
T_5 ;
    %delay 5, 0;
    %set/v v0xe82800_0, 1, 1;
    %delay 5, 0;
    %set/v v0xe82800_0, 0, 1;
T_5.0 ;
    %load/v 8, v0xe82570_0, 32;
   %cmpi/s 8, 20, 32;
    %jmp/0xz T_5.1, 5;
    %load/v 8, v0xe82570_0, 32;
    %set/v v0xe82620_0, 8, 1;
    %load/v 8, v0xe82570_0, 32;
    %mov 40, 39, 1;
    %addi 8, 1, 33;
    %set/v v0xe82570_0, 8, 32;
    %delay 10, 0;
    %jmp T_5.0;
T_5.1 ;
    %delay 50, 0;
    %vpi_call 2 47 "$finish";
    %end;
    .thread T_5;
    .scope S_0xe6a700;
T_6 ;
    %vpi_call 2 52 "$dumpfile", "dump.vcd";
    %vpi_call 2 52 "$dumpvars", 2'sb01;
    %end;
    .thread T_6;
# The file index is used to find the file name in the following table.
:file_names 4;
    "N/A";
    "<interactive>";
    "testbench.sv";
    "design.sv";
